# JRE version: Java(TM) SE Runtime Environment (8.0_241-b07) (build 1.8.0_241-b07)
# Java VM: Java HotSpot(TM) 64-Bit Server VM (25.241-b07 mixed mode windows-amd64 compressed oops)
Heap:
 PSYoungGen      total 38400K, used 13864K [0x00000000d5780000, 0x00000000d8200000, 0x0000000100000000)
  eden space 33280K, 41% used [0x00000000d5780000,0x00000000d650a140,0x00000000d7800000)
  from space 5120K, 0% used [0x00000000d7800000,0x00000000d7800000,0x00000000d7d00000)
  to   space 5120K, 0% used [0x00000000d7d00000,0x00000000d7d00000,0x00000000d8200000)
 ParOldGen       total 62464K, used 817K [0x0000000080600000, 0x0000000084300000, 0x00000000d5780000)
  object space 62464K, 1% used [0x0000000080600000,0x00000000806cc660,0x0000000084300000)
 Metaspace       used 10314K, capacity 10646K, committed 10880K, reserved 1062912K
  class space    used 1288K, capacity 1407K, committed 1408K, reserved 1048576K
GC Heap History (4 events):
Event: 0.507 GC heap before
{Heap before GC invocations=1 (full 0):
 PSYoungGen      total 38400K, used 6007K [0x00000000d5780000, 0x00000000d8200000, 0x0000000100000000)
  eden space 33280K, 18% used [0x00000000d5780000,0x00000000d5d5deb0,0x00000000d7800000)
  from space 5120K, 0% used [0x00000000d7d00000,0x00000000d7d00000,0x00000000d8200000)
  to   space 5120K, 0% used [0x00000000d7800000,0x00000000d7800000,0x00000000d7d00000)
 ParOldGen       total 87552K, used 0K [0x0000000080600000, 0x0000000085b80000, 0x00000000d5780000)
  object space 87552K, 0% used [0x0000000080600000,0x0000000080600000,0x0000000085b80000)
 Metaspace       used 5369K, capacity 5744K, committed 5888K, reserved 1060864K
  class space    used 607K, capacity 671K, committed 768K, reserved 1048576K
Event: 0.509 GC heap after
Heap after GC invocations=1 (full 0):
 PSYoungGen      total 38400K, used 880K [0x00000000d5780000, 0x00000000d8200000, 0x0000000100000000)
  eden space 33280K, 0% used [0x00000000d5780000,0x00000000d5780000,0x00000000d7800000)
  from space 5120K, 17% used [0x00000000d7800000,0x00000000d78dc010,0x00000000d7d00000)
  to   space 5120K, 0% used [0x00000000d7d00000,0x00000000d7d00000,0x00000000d8200000)
 ParOldGen       total 87552K, used 8K [0x0000000080600000, 0x0000000085b80000, 0x00000000d5780000)
  object space 87552K, 0% used [0x0000000080600000,0x0000000080602000,0x0000000085b80000)
 Metaspace       used 5369K, capacity 5744K, committed 5888K, reserved 1060864K
  class space    used 607K, capacity 671K, committed 768K, reserved 1048576K
}
Event: 0.509 GC heap before
{Heap before GC invocations=2 (full 1):
 PSYoungGen      total 38400K, used 880K [0x00000000d5780000, 0x00000000d8200000, 0x0000000100000000)
  eden space 33280K, 0% used [0x00000000d5780000,0x00000000d5780000,0x00000000d7800000)
  from space 5120K, 17% used [0x00000000d7800000,0x00000000d78dc010,0x00000000d7d00000)
  to   space 5120K, 0% used [0x00000000d7d00000,0x00000000d7d00000,0x00000000d8200000)
 ParOldGen       total 87552K, used 8K [0x0000000080600000, 0x0000000085b80000, 0x00000000d5780000)
  object space 87552K, 0% used [0x0000000080600000,0x0000000080602000,0x0000000085b80000)
 Metaspace       used 5369K, capacity 5744K, committed 5888K, reserved 1060864K
  class space    used 607K, capacity 671K, committed 768K, reserved 1048576K
Event: 0.518 GC heap after
Heap after GC invocations=2 (full 1):
 PSYoungGen      total 38400K, used 0K [0x00000000d5780000, 0x00000000d8200000, 0x0000000100000000)
  eden space 33280K, 0% used [0x00000000d5780000,0x00000000d5780000,0x00000000d7800000)
  from space 5120K, 0% used [0x00000000d7800000,0x00000000d7800000,0x00000000d7d00000)
  to   space 5120K, 0% used [0x00000000d7d00000,0x00000000d7d00000,0x00000000d8200000)
 ParOldGen       total 62464K, used 817K [0x0000000080600000, 0x0000000084300000, 0x00000000d5780000)
  object space 62464K, 1% used [0x0000000080600000,0x00000000806cc660,0x0000000084300000)
 Metaspace       used 5369K, capacity 5744K, committed 5888K, reserved 1058816K
  class space    used 607K, capacity 671K, committed 768K, reserved 1048576K
}

